<?xml version="1.0" encoding="UTF-8"?>
<testsuite name="rest.RenameMeResourceTest" tests="3" skipped="0" failures="0" errors="0" timestamp="2020-11-11T08:52:06" hostname="698ac6ab45db" time="2.409">
  <properties/>
  <testcase name="testDummyMsg()" classname="rest.RenameMeResourceTest" time="2.249"/>
  <testcase name="testCount()" classname="rest.RenameMeResourceTest" time="0.11"/>
  <testcase name="testServerIsUp()" classname="rest.RenameMeResourceTest" time="0.048"/>
  <system-out><![CDATA[Using the TEST database via persistence-unit --> puTest 
Using the TEST database via persistence-unit --> puTest 
Testing is server UP
]]></system-out>
  <system-err><![CDATA[Nov 11, 2020 8:52:05 AM org.glassfish.grizzly.http.server.NetworkListener start
INFO: Started listener bound to [localhost:7777]
Nov 11, 2020 8:52:05 AM org.glassfish.grizzly.http.server.HttpServer start
INFO: [HttpServer] Started.
Nov 11, 2020 8:52:08 AM org.glassfish.grizzly.http.server.NetworkListener shutdownNow
INFO: Stopped listener bound to [localhost:7777]
]]></system-err>
</testsuite>
